Arguments: 
  /usr/local/bin/node /usr/local/bin/yarn add graphql-yoga

PATH: 
  /home/vnm/.cargo/bin:/home/vnm/bin:/usr/local/sbin:/usr/local/bin:/usr/sbin:/usr/bin:/sbin:/bin:/usr/games:/usr/local/games:/snap/bin

Yarn version: 
  1.22.10

Node version: 
  14.15.0

Platform: 
  linux x64

Trace: 
  Error: EPERM: operation not permitted, copyfile '/home/vnm/.cache/yarn/v6/npm-accepts-1.3.7-531bc726517a3b2b41f850021c6cc15eaab507cd-integrity/node_modules/accepts/HISTORY.md' -> '/media/Mixt/Others/Repositories/chat-o-matic/server/node_modules/accepts/HISTORY.md'

npm manifest: 
  {
    "name": "server",
    "version": "1.0.0",
    "description": "",
    "main": "index.js",
    "scripts": {
      "test": "echo \"Error: no test specified\" && exit 1"
    },
    "keywords": [],
    "author": "",
    "license": "ISC"
  }

yarn manifest: 
  No manifest

Lockfile: 
  No lockfile
